<?xml version="1.0" encoding="UTF-8"?>
<testsuite xmlns:xsi="http://www.w3.org/2001/XMLSchema-instance" xsi:noNamespaceSchemaLocation="https://maven.apache.org/surefire/maven-surefire-plugin/xsd/surefire-test-report.xsd" name="ajiya.MathOperationsParameterizedTest" time="0.04" tests="5" errors="0" skipped="0" failures="0">
  <properties>
[...]
</properties>
  <testcase name="testAdd[0]" classname="ajiya.MathOperationsParameterizedTest" time="0.002"/>
  <testcase name="testAdd[1]" classname="ajiya.MathOperationsParameterizedTest" time="0"/>
  <testcase name="testAdd[2]" classname="ajiya.MathOperationsParameterizedTest" time="0"/>
  <testcase name="testAdd[3]" classname="ajiya.MathOperationsParameterizedTest" time="0"/>
  <testcase name="testAdd[4]" classname="ajiya.MathOperationsParameterizedTest" time="0"/>
</testsuite>